Command line: python -i tests/test_sequences/GGGN.fasta -n 4 -c 4 -ms 2 -co TFDE
Beginning codon optimization
Final codon sequence translated properly.
Minimum energy codon sequence: GGTGGCGGCAAC
Energy of codon sequence: 500000.0
Final codon sequence translated properly.
Minimum energy codon sequence: GGTGGCGGCAAC
Energy of codon sequence: 500000.0
and line: python -i tests/test_sequences/GGGN.fasta -n 4 -c 4 -ms 2 -co TFDE
Beginning codon optimization
Final codon sequence translated properly.
Minimum energy codon sequence: GGTGGCGGCAAC
Energy of codon sequence: 500000.0
Final codon sequence translated properly.
Minimum energy codon sequence: GGTGGCGGCAAC
Energy of codon sequence: 500000.0
d line: python -i tests/test_sequences/GGGN.fasta -n 4 -c 4 -ms 2 -co TFDE
Beginning codon optimization
Final codon sequence translated properly.
Minimum energy codon sequence: GGTGGCGGCAAC
Energy of codon sequence: 500000.0
Final codon sequence translated properly.
Minimum energy codon sequence: GGTGGCGGCAAC
Energy of codon sequence: 500000.0
 properly.
Minimum energy codon sequence: GGTGGCGGCAAC
Energy of codon sequence: 500000.0
 properly.
Minimum energy codon sequence: GGTGGCGGCAAC
Energy of codon sequence: 500000.0
 energy codon sequence: GGTGGCGGCAAC
Energy of codon sequence: 500000.0
uence translated properly.
Minimum energy codon sequence: GGTGGCGGCAAC
Energy of codon sequence: 500000.0
rgy codon sequence: GGTGGCGGCAAC
Energy of codon sequence: 500000.0
 codon sequence: GGTGGCGGCAAC
Energy of codon sequence: 500000.0
on sequence: GGTGGCGGCAAC
Energy of codon sequence: 500000.0
on sequence: GGTGGCGGCAAC
Energy of codon sequence: 500000.0
on sequence: GGTGGCGGCAAC
Energy of codon sequence: 500000.0
